Case #1: 1 0 0 0 1
Case #2: 0 0 0
Case #3: 1 0 0 0 0 0 2 1 2 1 1 2 2 1 3 1 1 2 3 3
Case #4: 0 0 0 0 0 1 1 1 1 1 2 1 3
Case #5: 0 0 0 1 2 1
Case #6: 0 0 0 1 1
Case #7: 27 26 25 24 23 22 21 20 19 18 17 16 15 14 13 12 11 10 9 8 7 6 5 4 3 2 1 0 0 0
Case #8: 0 0 0 0 0 1 1 1 2 3 1 1 1 1 2 1 2 2 2 1 4 1 2 2 1 1 3 2 3 1
Case #9: 1 0 0 0 0 1 1 2 1 1
Case #10: 1 0 0 0 0 0 1 2 2 1 1 2 3 2 3 3 1 2
Case #11: 0 0 0 0 0 0 1
Case #12: 1 0 0 0 1 1 1 1 2
Case #13: 0 0 0 0 0 1 1 3 1 2 4 2 3 1 2 2 4 1 2 1 3 2 1 5 2 6 5 2
Case #14: 0 0 0 0 0 0 1 2 1 1 3 3 2 1 3 1 2 2 4 1 4 4 5 4 3 4 1 5 4
Case #15: 0 0 0 0 0 0 0 1 1 2 2 2 3 1 1 4 1 2 2
Case #16: 1 0 0 0 2 1 2
Case #17: 1 0 0 0 1
Case #18: 0 0 0 0 1 1 2 2 2 3 2 3
Case #19: 0 0 0 1 1 2
Case #20: 2 1 0 0 0 0 1 3 1 1 2 1 1
Case #21: 1 0 0 0 0 1 2 2 1 1 2 1 1 2 1 2 3
Case #22: 0 0 0 0 0 0 0 1 1 1 1 2 1 4 1 1 2 1 1 3 2 3 1 3 3 2 1 3 4
Case #23: 0 0 0 0 0 0 0 1 1 1 2 1 1 3
Case #24: 1 0 0 0 0 0 1 1 2 1 1 2 3 4 2 2 3 3 1 3 2 2 4 1 3 3 1 4 3 1
Case #25: 0 0 0 0 0 1 1 1 1 1 2 1 3 1 1 3 1 2 2 2 1 1 2
Case #26: 0 0 0 0 1 1 1 1
Case #27: 1 2 0 0 0 0 1 2 2 1 3 3 4 4 2 2 2 2 5 2 3 3 1 3 4 4
Case #28: 1 0 0 0 1 1 1 1
Case #29: 1 0 0 0 0 1 1 1 2
Case #30: 1 0 0 0 0 0 0 0 1 3 1 1 1 1 1 2 1
Case #31: 2 1 0 0 0 0 0 0 0 2 1 1 1 2 2 1 2 1 3 3 2 2 3 1 2 3 3 2 1
Case #32: 1 0 0 0 0 1 1 2 2 3 1 1 1 1 2 2 2 1 2 3 1 1 2 2 2
Case #33: 0 0 0 0 0 1 1 1 2 1 2 1 1
Case #34: 2 1 0 0 0 1 2 3 1 2
Case #35: 1 0 0 0 2 1 1 2 1 3 3 1 2 2 2 1 3 1 3 3 2
Case #36: 0 0 0 0 0 0 0 1 1 1 1 2 2 2
Case #37: 0 0 0 0 0 0 0 1 1 1 1 1 2 1 2 2
Case #38: 0 0 0 0 1 1 1 2 2 1 2 3 2 1
Case #39: 0 0 0 0 0 0 0 0 1 1 1 1 2 1 1 1 1 3 1 2 2 2 2 2 1 3 1 2 2
Case #40: 0 0 0 0 0 0 0 0 0 0 0 0 0 0 0 0 0 0 0 0 0 0 0 0 0 0 0 0 0 0
Case #41: 1 0 0 0 1 2 2 3 1 1 1 3 3 2
Case #42: 0 0 0 0 0 0 1 1 2 1 2 1 1 3 2 2 3 1 2 3 3 3 1 3 1
Case #43: 0 0 0 0 0 0 1 1 1 1 4 3 2 1 1 1 1 1 2 3 1
Case #44: 0 0 0 0 0 0 0 0 1 1 1 4 5 2 3 5 1 3 2 4 5 1 6 1 2 2 6 1 1 1
Case #45: 0 0 0 1
Case #46: 1 0 0 0 0 1 1 2 1 1 1 1 3 3 1
Case #47: 1 0 0 0 0 0 1 2 2 1 2 1 1 2 2 3 1 2 4 3
Case #48: 1 0 0 0 0 0 0 0 0 1 2 3 1 1 1 1 1 1 1 1 1 2 3 4 3
Case #49: 0 0 0 0 0 0 1 2 1 2 2 1 1 2 1 3 2 1 3 4 2 3 4 2 5
Case #50: 0 0 0 0 0 0 0 0 1 1 1 1 1 1 1 2 2 1 3 3 3 1 4 2 1 5 2
Case #51: 0 0 0 0 1 1 1 1 2 2 2 1 3 1
Case #52: 0 0 0 1 1
Case #53: 0 0 0 0 1 1 1 2
Case #54: 0 0 0 0 0 0 0 0 0 1 1 1 4 1 5 2 1 2 1 3 2 2
Case #55: 1 0 0 0 0 0 1 1 2 1 2 1 2 3 3 2 3 1 2 1
Case #56: 1 2 0 0 0 1 1 2
Case #57: 0 0 0 0 0 1 2 1 1 3
Case #58: 0 0 0 1
Case #59: 0 0 0 0 1 1 2 2 3 2 1 3 2 3 1 3 2 3 3 1 2 2 1 4 4 1
Case #60: 0 0 0 1 1 2 1
Case #61: 0 0 0 0 0 1 1 2 2 3 1 1 1 1 2 1 2 2 2
Case #62: 0 0 0 0 0 0 0 0 0 1 3 2 1 1
Case #63: 0 0 0 1 1 2 1
Case #64: 1 0 0 0 0 1 2 3 1
Case #65: 1 2 0 0 0 2 2 1 1 3 2 1 2 2 2 2 2 4 3
Case #66: 0 0 0 0 0 0 1 1 2 2 2 3 1 1 4 2 1 2 5 2 2 1 1 1 4 6 1
Case #67: 1 0 0 0 0 1 2 1 1 2 2 1 1 2 1 2 3 4 3 2 2
Case #68: 0 0 0 0 0 0 0 0 1 1 2 2 2 3 2 3 1 3 4 1 1
Case #69: 0 0 0 0 0 0 1 1 1 1 1 2 1 1 2 3 3 3 2 3 3 4 1 1 2
Case #70: 0 0 0 0 1 2 1 1
Case #71: 0 0 0 1 1 2 1 1 2
Case #72: 0 0 0 1 1 2 1 3
Case #73: 0 0 0 0 0 0 0 0 1 1 1 1 2 3 1 2 1 2 1 3 2 1 2 2 3 3 1 1 4 4
Case #74: 1 0 0 0 1 1 2 2 1 2 3 4 1
Case #75: 0 0 0 0 0 0 0 1 1 2 1 3 1 4 5 6 1
Case #76: 0 0 0 0 0 0 0 0 0 1 4 3 1 1 5 1 1 4 1 2 1 1 1 2 1 5 2
Case #77: 0 0 0 0 1
Case #78: 3 2 1 0 0 0 1 2 1 2 3 2 1
Case #79: 0 0 0 0 0 1 1 1 1 1 2 2 1
Case #80: 0 0 0 0 0 0 0 1 1 1 1 2 1 1 1 2 1 2 2
Case #81: 2 1 0 0 0 0 3 1 1 1 1
Case #82: 0 0 0 1 1
Case #83: 0 0 0 0 1 1 2 1 2 1 3 4 5 2 2 3 3 4 3 1 3 4 2 1 3 2
Case #84: 0 0 0 0 0 0 0 0 3 1 1 1 1 1 2 1 2 2 3 2 1 1 3 2 3 2 3 2 3
Case #85: 0 0 0 0 1 1 1 2 2 2 1 3 4 1 1 5 3 5 1 2 3 2 2 2 3 1 2 5 2 2
Case #86: 0 0 0 1 1 1 1 2 1 1 2 2
Case #87: 0 0 0 0 0 1 1 2 2
Case #88: 0 0 0 1 1 2 2 1
Case #89: 0 0 0 0 1
Case #90: 0 0 0 0 0 0 0 1 1 1 1 2 2 1 1 1 3 1 1 1
Case #91: 0 0 0 0 1
Case #92: 0 0 0 0 1 1 1 1 1 2 2 2 1 2 1 2 3 3 3 3 1 1 3 2 2
Case #93: 0 0 0 0 1 1
Case #94: 0 0 0 1 1 1 1
Case #95: 0 0 0 0 1 1 1 1 1 1
Case #96: 0 0 0 1 1
Case #97: 1 2 0 0 0 0 1 1 1 1 2 3 3 2 1 4 2 1 3 3 2 4
Case #98: 0 0 0 1 2 3 4 5 6 7 8 9 10 11 12 13 14 15 16 17 18 19 20 21 22 23 24 25 26 27
Case #99: 0 0 0 0 0 0 0 0 1 1 3 1 2 1 1 4 2 1 1 2 2 1 4 2
Case #100: 1 0 0 0 0 2 1 2 1 1 3 4 5
